  box.cpp
C:\Users\DELL\Desktop\OpenGL_CS440_CS2203101\Cube-Endsem_2023\box.cpp(60,2): warning C4305: 'initializing': truncation from 'double' to 'float'
C:\Users\DELL\Desktop\OpenGL_CS440_CS2203101\Cube-Endsem_2023\box.cpp(60,22): warning C4305: 'initializing': truncation from 'double' to 'float'
C:\Users\DELL\Desktop\OpenGL_CS440_CS2203101\Cube-Endsem_2023\box.cpp(60,41): warning C4305: 'initializing': truncation from 'double' to 'float'
C:\Users\DELL\Desktop\OpenGL_CS440_CS2203101\Cube-Endsem_2023\box.cpp(61,2): warning C4305: 'initializing': truncation from 'double' to 'float'
C:\Users\DELL\Desktop\OpenGL_CS440_CS2203101\Cube-Endsem_2023\box.cpp(61,21): warning C4305: 'initializing': truncation from 'double' to 'float'
C:\Users\DELL\Desktop\OpenGL_CS440_CS2203101\Cube-Endsem_2023\box.cpp(61,40): warning C4305: 'initializing': truncation from 'double' to 'float'
C:\Users\DELL\Desktop\OpenGL_CS440_CS2203101\Cube-Endsem_2023\box.cpp(62,2): warning C4305: 'initializing': truncation from 'double' to 'float'
C:\Users\DELL\Desktop\OpenGL_CS440_CS2203101\Cube-Endsem_2023\box.cpp(62,21): warning C4305: 'initializing': truncation from 'double' to 'float'
C:\Users\DELL\Desktop\OpenGL_CS440_CS2203101\Cube-Endsem_2023\box.cpp(62,41): warning C4305: 'initializing': truncation from 'double' to 'float'
C:\Users\DELL\Desktop\OpenGL_CS440_CS2203101\Cube-Endsem_2023\box.cpp(63,2): warning C4305: 'initializing': truncation from 'double' to 'float'
C:\Users\DELL\Desktop\OpenGL_CS440_CS2203101\Cube-Endsem_2023\box.cpp(63,22): warning C4305: 'initializing': truncation from 'double' to 'float'
C:\Users\DELL\Desktop\OpenGL_CS440_CS2203101\Cube-Endsem_2023\box.cpp(63,42): warning C4305: 'initializing': truncation from 'double' to 'float'
C:\Users\DELL\Desktop\OpenGL_CS440_CS2203101\Cube-Endsem_2023\box.cpp(64,3): warning C4305: 'initializing': truncation from 'double' to 'float'
C:\Users\DELL\Desktop\OpenGL_CS440_CS2203101\Cube-Endsem_2023\box.cpp(64,23): warning C4305: 'initializing': truncation from 'double' to 'float'
C:\Users\DELL\Desktop\OpenGL_CS440_CS2203101\Cube-Endsem_2023\box.cpp(64,42): warning C4305: 'initializing': truncation from 'double' to 'float'
C:\Users\DELL\Desktop\OpenGL_CS440_CS2203101\Cube-Endsem_2023\box.cpp(65,3): warning C4305: 'initializing': truncation from 'double' to 'float'
C:\Users\DELL\Desktop\OpenGL_CS440_CS2203101\Cube-Endsem_2023\box.cpp(65,22): warning C4305: 'initializing': truncation from 'double' to 'float'
C:\Users\DELL\Desktop\OpenGL_CS440_CS2203101\Cube-Endsem_2023\box.cpp(65,41): warning C4305: 'initializing': truncation from 'double' to 'float'
C:\Users\DELL\Desktop\OpenGL_CS440_CS2203101\Cube-Endsem_2023\box.cpp(66,3): warning C4305: 'initializing': truncation from 'double' to 'float'
C:\Users\DELL\Desktop\OpenGL_CS440_CS2203101\Cube-Endsem_2023\box.cpp(66,22): warning C4305: 'initializing': truncation from 'double' to 'float'
C:\Users\DELL\Desktop\OpenGL_CS440_CS2203101\Cube-Endsem_2023\box.cpp(66,42): warning C4305: 'initializing': truncation from 'double' to 'float'
C:\Users\DELL\Desktop\OpenGL_CS440_CS2203101\Cube-Endsem_2023\box.cpp(67,3): warning C4305: 'initializing': truncation from 'double' to 'float'
C:\Users\DELL\Desktop\OpenGL_CS440_CS2203101\Cube-Endsem_2023\box.cpp(67,23): warning C4305: 'initializing': truncation from 'double' to 'float'
C:\Users\DELL\Desktop\OpenGL_CS440_CS2203101\Cube-Endsem_2023\box.cpp(67,43): warning C4305: 'initializing': truncation from 'double' to 'float'
C:\Users\DELL\Desktop\OpenGL_CS440_CS2203101\Cube-Endsem_2023\box.cpp(131,22): warning C4305: 'initializing': truncation from 'double' to 'float'
C:\Users\DELL\Desktop\OpenGL_CS440_CS2203101\Cube-Endsem_2023\box.cpp(131,27): warning C4305: 'initializing': truncation from 'double' to 'float'
C:\Users\DELL\Desktop\OpenGL_CS440_CS2203101\Cube-Endsem_2023\box.cpp(131,32): warning C4305: 'initializing': truncation from 'double' to 'float'
C:\Users\DELL\Desktop\OpenGL_CS440_CS2203101\Cube-Endsem_2023\box.cpp(151,28): warning C4305: 'initializing': truncation from 'double' to 'float'
C:\Users\DELL\Desktop\OpenGL_CS440_CS2203101\Cube-Endsem_2023\box.cpp(152,33): warning C4305: 'initializing': truncation from 'double' to 'float'
C:\Users\DELL\Desktop\OpenGL_CS440_CS2203101\Cube-Endsem_2023\box.cpp(246,11): warning C4305: '-=': truncation from 'double' to 'float'
C:\Users\DELL\Desktop\OpenGL_CS440_CS2203101\Cube-Endsem_2023\box.cpp(250,11): warning C4305: '+=': truncation from 'double' to 'float'
C:\Users\DELL\Desktop\OpenGL_CS440_CS2203101\Cube-Endsem_2023\box.cpp(254,11): warning C4305: '-=': truncation from 'double' to 'float'
C:\Users\DELL\Desktop\OpenGL_CS440_CS2203101\Cube-Endsem_2023\box.cpp(258,11): warning C4305: '+=': truncation from 'double' to 'float'
C:\Users\DELL\Desktop\OpenGL_CS440_CS2203101\Cube-Endsem_2023\box.cpp(262,11): warning C4305: '-=': truncation from 'double' to 'float'
C:\Users\DELL\Desktop\OpenGL_CS440_CS2203101\Cube-Endsem_2023\box.cpp(266,11): warning C4305: '+=': truncation from 'double' to 'float'
  Box.vcxproj -> C:\Users\DELL\Desktop\OpenGL_CS440_CS2203101\Cube-Endsem_2023\Debug\Box.exe
