  box.cpp
C:\Users\DELL\Desktop\OpenGL_CS440_CS2203101\Triangular-Endsem_2022\box.cpp(58,2): warning C4305: 'initializing': truncation from 'double' to 'float'
C:\Users\DELL\Desktop\OpenGL_CS440_CS2203101\Triangular-Endsem_2022\box.cpp(58,21): warning C4305: 'initializing': truncation from 'double' to 'float'
C:\Users\DELL\Desktop\OpenGL_CS440_CS2203101\Triangular-Endsem_2022\box.cpp(58,41): warning C4305: 'initializing': truncation from 'double' to 'float'
C:\Users\DELL\Desktop\OpenGL_CS440_CS2203101\Triangular-Endsem_2022\box.cpp(59,3): warning C4305: 'initializing': truncation from 'double' to 'float'
C:\Users\DELL\Desktop\OpenGL_CS440_CS2203101\Triangular-Endsem_2022\box.cpp(59,22): warning C4305: 'initializing': truncation from 'double' to 'float'
C:\Users\DELL\Desktop\OpenGL_CS440_CS2203101\Triangular-Endsem_2022\box.cpp(59,41): warning C4305: 'initializing': truncation from 'double' to 'float'
C:\Users\DELL\Desktop\OpenGL_CS440_CS2203101\Triangular-Endsem_2022\box.cpp(60,3): warning C4305: 'initializing': truncation from 'double' to 'float'
C:\Users\DELL\Desktop\OpenGL_CS440_CS2203101\Triangular-Endsem_2022\box.cpp(60,22): warning C4305: 'initializing': truncation from 'double' to 'float'
C:\Users\DELL\Desktop\OpenGL_CS440_CS2203101\Triangular-Endsem_2022\box.cpp(60,42): warning C4305: 'initializing': truncation from 'double' to 'float'
C:\Users\DELL\Desktop\OpenGL_CS440_CS2203101\Triangular-Endsem_2022\box.cpp(61,2): warning C4305: 'initializing': truncation from 'double' to 'float'
C:\Users\DELL\Desktop\OpenGL_CS440_CS2203101\Triangular-Endsem_2022\box.cpp(61,22): warning C4305: 'initializing': truncation from 'double' to 'float'
C:\Users\DELL\Desktop\OpenGL_CS440_CS2203101\Triangular-Endsem_2022\box.cpp(61,42): warning C4305: 'initializing': truncation from 'double' to 'float'
C:\Users\DELL\Desktop\OpenGL_CS440_CS2203101\Triangular-Endsem_2022\box.cpp(62,3): warning C4305: 'initializing': truncation from 'double' to 'float'
C:\Users\DELL\Desktop\OpenGL_CS440_CS2203101\Triangular-Endsem_2022\box.cpp(62,23): warning C4305: 'initializing': truncation from 'double' to 'float'
C:\Users\DELL\Desktop\OpenGL_CS440_CS2203101\Triangular-Endsem_2022\box.cpp(62,42): warning C4305: 'initializing': truncation from 'double' to 'float'
C:\Users\DELL\Desktop\OpenGL_CS440_CS2203101\Triangular-Endsem_2022\box.cpp(63,3): warning C4305: 'initializing': truncation from 'double' to 'float'
C:\Users\DELL\Desktop\OpenGL_CS440_CS2203101\Triangular-Endsem_2022\box.cpp(63,23): warning C4305: 'initializing': truncation from 'double' to 'float'
C:\Users\DELL\Desktop\OpenGL_CS440_CS2203101\Triangular-Endsem_2022\box.cpp(63,43): warning C4305: 'initializing': truncation from 'double' to 'float'
C:\Users\DELL\Desktop\OpenGL_CS440_CS2203101\Triangular-Endsem_2022\box.cpp(127,22): warning C4305: 'initializing': truncation from 'double' to 'float'
C:\Users\DELL\Desktop\OpenGL_CS440_CS2203101\Triangular-Endsem_2022\box.cpp(127,27): warning C4305: 'initializing': truncation from 'double' to 'float'
C:\Users\DELL\Desktop\OpenGL_CS440_CS2203101\Triangular-Endsem_2022\box.cpp(127,32): warning C4305: 'initializing': truncation from 'double' to 'float'
C:\Users\DELL\Desktop\OpenGL_CS440_CS2203101\Triangular-Endsem_2022\box.cpp(147,28): warning C4305: 'initializing': truncation from 'double' to 'float'
C:\Users\DELL\Desktop\OpenGL_CS440_CS2203101\Triangular-Endsem_2022\box.cpp(148,33): warning C4305: 'initializing': truncation from 'double' to 'float'
C:\Users\DELL\Desktop\OpenGL_CS440_CS2203101\Triangular-Endsem_2022\box.cpp(242,11): warning C4305: '-=': truncation from 'double' to 'float'
C:\Users\DELL\Desktop\OpenGL_CS440_CS2203101\Triangular-Endsem_2022\box.cpp(246,11): warning C4305: '+=': truncation from 'double' to 'float'
C:\Users\DELL\Desktop\OpenGL_CS440_CS2203101\Triangular-Endsem_2022\box.cpp(250,11): warning C4305: '-=': truncation from 'double' to 'float'
C:\Users\DELL\Desktop\OpenGL_CS440_CS2203101\Triangular-Endsem_2022\box.cpp(254,11): warning C4305: '+=': truncation from 'double' to 'float'
C:\Users\DELL\Desktop\OpenGL_CS440_CS2203101\Triangular-Endsem_2022\box.cpp(258,11): warning C4305: '-=': truncation from 'double' to 'float'
C:\Users\DELL\Desktop\OpenGL_CS440_CS2203101\Triangular-Endsem_2022\box.cpp(262,11): warning C4305: '+=': truncation from 'double' to 'float'
  Box.vcxproj -> C:\Users\DELL\Desktop\OpenGL_CS440_CS2203101\Triangular-Endsem_2022\Debug\Box.exe
