  box.cpp
C:\Users\DELL\Desktop\OpenGL_CS440_CS2203101\Assignments\Assignment3_OpenGL\box.cpp(182,20): warning C4018: '<': signed/unsigned mismatch
C:\Users\DELL\Desktop\OpenGL_CS440_CS2203101\Assignments\Assignment3_OpenGL\box.cpp(187,20): warning C4018: '<': signed/unsigned mismatch
C:\Users\DELL\Desktop\OpenGL_CS440_CS2203101\Assignments\Assignment3_OpenGL\box.cpp(266,27): warning C4305: 'argument': truncation from 'double' to 'float'
C:\Users\DELL\Desktop\OpenGL_CS440_CS2203101\Assignments\Assignment3_OpenGL\box.cpp(266,20): warning C4305: 'argument': truncation from 'double' to 'float'
C:\Users\DELL\Desktop\OpenGL_CS440_CS2203101\Assignments\Assignment3_OpenGL\box.cpp(266,13): warning C4305: 'argument': truncation from 'double' to 'float'
C:\Users\DELL\Desktop\OpenGL_CS440_CS2203101\Assignments\Assignment3_OpenGL\box.cpp(268,25): warning C4305: 'argument': truncation from 'double' to 'float'
C:\Users\DELL\Desktop\OpenGL_CS440_CS2203101\Assignments\Assignment3_OpenGL\box.cpp(268,18): warning C4305: 'argument': truncation from 'double' to 'float'
C:\Users\DELL\Desktop\OpenGL_CS440_CS2203101\Assignments\Assignment3_OpenGL\box.cpp(268,13): warning C4305: 'argument': truncation from 'double' to 'float'
C:\Users\DELL\Desktop\OpenGL_CS440_CS2203101\Assignments\Assignment3_OpenGL\box.cpp(269,20): warning C4305: 'argument': truncation from 'double' to 'float'
C:\Users\DELL\Desktop\OpenGL_CS440_CS2203101\Assignments\Assignment3_OpenGL\box.cpp(269,13): warning C4305: 'argument': truncation from 'double' to 'float'
C:\Users\DELL\Desktop\OpenGL_CS440_CS2203101\Assignments\Assignment3_OpenGL\box.cpp(270,25): warning C4305: 'argument': truncation from 'double' to 'float'
C:\Users\DELL\Desktop\OpenGL_CS440_CS2203101\Assignments\Assignment3_OpenGL\box.cpp(270,18): warning C4305: 'argument': truncation from 'double' to 'float'
C:\Users\DELL\Desktop\OpenGL_CS440_CS2203101\Assignments\Assignment3_OpenGL\box.cpp(270,13): warning C4305: 'argument': truncation from 'double' to 'float'
C:\Users\DELL\Desktop\OpenGL_CS440_CS2203101\Assignments\Assignment3_OpenGL\box.cpp(271,29): warning C4305: 'argument': truncation from 'double' to 'float'
C:\Users\DELL\Desktop\OpenGL_CS440_CS2203101\Assignments\Assignment3_OpenGL\box.cpp(271,21): warning C4305: 'argument': truncation from 'double' to 'float'
C:\Users\DELL\Desktop\OpenGL_CS440_CS2203101\Assignments\Assignment3_OpenGL\box.cpp(271,13): warning C4305: 'argument': truncation from 'double' to 'float'
C:\Users\DELL\Desktop\OpenGL_CS440_CS2203101\Assignments\Assignment3_OpenGL\box.cpp(272,27): warning C4305: 'argument': truncation from 'double' to 'float'
C:\Users\DELL\Desktop\OpenGL_CS440_CS2203101\Assignments\Assignment3_OpenGL\box.cpp(272,20): warning C4305: 'argument': truncation from 'double' to 'float'
C:\Users\DELL\Desktop\OpenGL_CS440_CS2203101\Assignments\Assignment3_OpenGL\box.cpp(272,13): warning C4305: 'argument': truncation from 'double' to 'float'
C:\Users\DELL\Desktop\OpenGL_CS440_CS2203101\Assignments\Assignment3_OpenGL\box.cpp(276,27): warning C4305: 'argument': truncation from 'double' to 'float'
C:\Users\DELL\Desktop\OpenGL_CS440_CS2203101\Assignments\Assignment3_OpenGL\box.cpp(276,20): warning C4305: 'argument': truncation from 'double' to 'float'
C:\Users\DELL\Desktop\OpenGL_CS440_CS2203101\Assignments\Assignment3_OpenGL\box.cpp(276,13): warning C4305: 'argument': truncation from 'double' to 'float'
C:\Users\DELL\Desktop\OpenGL_CS440_CS2203101\Assignments\Assignment3_OpenGL\box.cpp(281,28): warning C4305: 'argument': truncation from 'double' to 'float'
C:\Users\DELL\Desktop\OpenGL_CS440_CS2203101\Assignments\Assignment3_OpenGL\box.cpp(281,21): warning C4305: 'argument': truncation from 'double' to 'float'
C:\Users\DELL\Desktop\OpenGL_CS440_CS2203101\Assignments\Assignment3_OpenGL\box.cpp(281,14): warning C4305: 'argument': truncation from 'double' to 'float'
C:\Users\DELL\Desktop\OpenGL_CS440_CS2203101\Assignments\Assignment3_OpenGL\box.cpp(282,28): warning C4305: 'argument': truncation from 'double' to 'float'
C:\Users\DELL\Desktop\OpenGL_CS440_CS2203101\Assignments\Assignment3_OpenGL\box.cpp(282,21): warning C4305: 'argument': truncation from 'double' to 'float'
C:\Users\DELL\Desktop\OpenGL_CS440_CS2203101\Assignments\Assignment3_OpenGL\box.cpp(282,14): warning C4305: 'argument': truncation from 'double' to 'float'
C:\Users\DELL\Desktop\OpenGL_CS440_CS2203101\Assignments\Assignment3_OpenGL\box.cpp(283,28): warning C4305: 'argument': truncation from 'double' to 'float'
C:\Users\DELL\Desktop\OpenGL_CS440_CS2203101\Assignments\Assignment3_OpenGL\box.cpp(283,21): warning C4305: 'argument': truncation from 'double' to 'float'
C:\Users\DELL\Desktop\OpenGL_CS440_CS2203101\Assignments\Assignment3_OpenGL\box.cpp(283,14): warning C4305: 'argument': truncation from 'double' to 'float'
C:\Users\DELL\Desktop\OpenGL_CS440_CS2203101\Assignments\Assignment3_OpenGL\box.cpp(285,26): warning C4305: 'argument': truncation from 'double' to 'float'
C:\Users\DELL\Desktop\OpenGL_CS440_CS2203101\Assignments\Assignment3_OpenGL\box.cpp(285,20): warning C4305: 'argument': truncation from 'double' to 'float'
C:\Users\DELL\Desktop\OpenGL_CS440_CS2203101\Assignments\Assignment3_OpenGL\box.cpp(285,14): warning C4305: 'argument': truncation from 'double' to 'float'
C:\Users\DELL\Desktop\OpenGL_CS440_CS2203101\Assignments\Assignment3_OpenGL\box.cpp(286,26): warning C4305: 'argument': truncation from 'double' to 'float'
C:\Users\DELL\Desktop\OpenGL_CS440_CS2203101\Assignments\Assignment3_OpenGL\box.cpp(286,20): warning C4305: 'argument': truncation from 'double' to 'float'
C:\Users\DELL\Desktop\OpenGL_CS440_CS2203101\Assignments\Assignment3_OpenGL\box.cpp(286,14): warning C4305: 'argument': truncation from 'double' to 'float'
C:\Users\DELL\Desktop\OpenGL_CS440_CS2203101\Assignments\Assignment3_OpenGL\box.cpp(287,24): warning C4305: 'argument': truncation from 'double' to 'float'
C:\Users\DELL\Desktop\OpenGL_CS440_CS2203101\Assignments\Assignment3_OpenGL\box.cpp(288,27): warning C4305: 'argument': truncation from 'double' to 'float'
C:\Users\DELL\Desktop\OpenGL_CS440_CS2203101\Assignments\Assignment3_OpenGL\box.cpp(288,21): warning C4305: 'argument': truncation from 'double' to 'float'
C:\Users\DELL\Desktop\OpenGL_CS440_CS2203101\Assignments\Assignment3_OpenGL\box.cpp(288,14): warning C4305: 'argument': truncation from 'double' to 'float'
C:\Users\DELL\Desktop\OpenGL_CS440_CS2203101\Assignments\Assignment3_OpenGL\box.cpp(289,26): warning C4305: 'argument': truncation from 'double' to 'float'
C:\Users\DELL\Desktop\OpenGL_CS440_CS2203101\Assignments\Assignment3_OpenGL\box.cpp(289,20): warning C4305: 'argument': truncation from 'double' to 'float'
C:\Users\DELL\Desktop\OpenGL_CS440_CS2203101\Assignments\Assignment3_OpenGL\box.cpp(289,14): warning C4305: 'argument': truncation from 'double' to 'float'
C:\Users\DELL\Desktop\OpenGL_CS440_CS2203101\Assignments\Assignment3_OpenGL\box.cpp(290,19): warning C4305: 'argument': truncation from 'double' to 'float'
C:\Users\DELL\Desktop\OpenGL_CS440_CS2203101\Assignments\Assignment3_OpenGL\box.cpp(291,28): warning C4305: 'argument': truncation from 'double' to 'float'
C:\Users\DELL\Desktop\OpenGL_CS440_CS2203101\Assignments\Assignment3_OpenGL\box.cpp(291,21): warning C4305: 'argument': truncation from 'double' to 'float'
C:\Users\DELL\Desktop\OpenGL_CS440_CS2203101\Assignments\Assignment3_OpenGL\box.cpp(291,14): warning C4305: 'argument': truncation from 'double' to 'float'
C:\Users\DELL\Desktop\OpenGL_CS440_CS2203101\Assignments\Assignment3_OpenGL\box.cpp(292,28): warning C4305: 'argument': truncation from 'double' to 'float'
C:\Users\DELL\Desktop\OpenGL_CS440_CS2203101\Assignments\Assignment3_OpenGL\box.cpp(292,21): warning C4305: 'argument': truncation from 'double' to 'float'
C:\Users\DELL\Desktop\OpenGL_CS440_CS2203101\Assignments\Assignment3_OpenGL\box.cpp(292,14): warning C4305: 'argument': truncation from 'double' to 'float'
C:\Users\DELL\Desktop\OpenGL_CS440_CS2203101\Assignments\Assignment3_OpenGL\box.cpp(293,24): warning C4305: 'argument': truncation from 'double' to 'float'
C:\Users\DELL\Desktop\OpenGL_CS440_CS2203101\Assignments\Assignment3_OpenGL\box.cpp(293,19): warning C4305: 'argument': truncation from 'double' to 'float'
C:\Users\DELL\Desktop\OpenGL_CS440_CS2203101\Assignments\Assignment3_OpenGL\box.cpp(293,14): warning C4305: 'argument': truncation from 'double' to 'float'
C:\Users\DELL\Desktop\OpenGL_CS440_CS2203101\Assignments\Assignment3_OpenGL\box.cpp(317,30): warning C4305: 'initializing': truncation from 'double' to 'float'
C:\Users\DELL\Desktop\OpenGL_CS440_CS2203101\Assignments\Assignment3_OpenGL\box.cpp(348,16): warning C4244: 'initializing': conversion from 'int' to 'float', possible loss of data
C:\Users\DELL\Desktop\OpenGL_CS440_CS2203101\Assignments\Assignment3_OpenGL\box.cpp(349,16): warning C4244: 'initializing': conversion from 'int' to 'float', possible loss of data
C:\Users\DELL\Desktop\OpenGL_CS440_CS2203101\Assignments\Assignment3_OpenGL\box.cpp(367,41): warning C4244: '=': conversion from 'double' to 'GLfloat', possible loss of data
C:\Users\DELL\Desktop\OpenGL_CS440_CS2203101\Assignments\Assignment3_OpenGL\box.cpp(368,16): warning C4244: '=': conversion from 'double' to 'GLfloat', possible loss of data
C:\Users\DELL\Desktop\OpenGL_CS440_CS2203101\Assignments\Assignment3_OpenGL\box.cpp(369,41): warning C4244: '=': conversion from 'double' to 'GLfloat', possible loss of data
C:\Users\DELL\Desktop\OpenGL_CS440_CS2203101\Assignments\Assignment3_OpenGL\box.cpp(378,20): warning C4305: '*=': truncation from 'double' to 'float'
C:\Users\DELL\Desktop\OpenGL_CS440_CS2203101\Assignments\Assignment3_OpenGL\box.cpp(380,20): warning C4305: '*=': truncation from 'double' to 'float'
C:\Users\DELL\Desktop\OpenGL_CS440_CS2203101\Assignments\Assignment3_OpenGL\box.cpp(394,28): warning C4305: '+=': truncation from 'double' to 'float'
C:\Users\DELL\Desktop\OpenGL_CS440_CS2203101\Assignments\Assignment3_OpenGL\box.cpp(398,25): warning C4305: '-=': truncation from 'double' to 'float'
C:\Users\DELL\Desktop\OpenGL_CS440_CS2203101\Assignments\Assignment3_OpenGL\box.cpp(402,26): warning C4305: '+=': truncation from 'double' to 'float'
C:\Users\DELL\Desktop\OpenGL_CS440_CS2203101\Assignments\Assignment3_OpenGL\box.cpp(406,28): warning C4305: '-=': truncation from 'double' to 'float'
C:\Users\DELL\Desktop\OpenGL_CS440_CS2203101\Assignments\Assignment3_OpenGL\box.cpp(410,26): warning C4305: '-=': truncation from 'double' to 'float'
C:\Users\DELL\Desktop\OpenGL_CS440_CS2203101\Assignments\Assignment3_OpenGL\box.cpp(414,25): warning C4305: '+=': truncation from 'double' to 'float'
  Box.vcxproj -> C:\Users\DELL\Desktop\OpenGL_CS440_CS2203101\Assignments\Assignment3_OpenGL\Debug\Box.exe
